SF:lib\atoms\break_points.dart
DA:34,16
DA:35,16
DA:90,16
DA:91,16
DA:93,32
DA:94,1
DA:95,1
DA:96,1
DA:97,1
DA:98,1
DA:99,1
DA:100,1
DA:101,1
DA:102,1
DA:103,1
DA:104,1
DA:105,3
DA:106,1
DA:107,1
DA:108,1
DA:109,16
DA:110,16
DA:111,1
DA:112,1
DA:113,1
DA:114,1
DA:115,1
DA:116,1
DA:117,1
DA:118,1
DA:119,1
DA:120,1
DA:121,1
DA:122,3
DA:123,1
DA:124,1
DA:125,1
DA:126,16
DA:127,16
DA:128,16
DA:129,16
DA:130,16
DA:131,16
DA:132,16
DA:133,16
DA:134,16
DA:135,16
DA:136,16
DA:137,16
DA:138,16
DA:139,16
DA:140,16
DA:141,16
DA:142,16
DA:143,3
DA:144,3
DA:145,2
DA:146,2
DA:147,2
DA:148,2
DA:149,2
DA:150,2
DA:151,2
DA:152,2
DA:153,2
DA:154,2
DA:155,2
DA:156,2
DA:157,2
DA:158,2
DA:159,2
DA:160,1
DA:161,1
DA:162,0
DA:163,0
DA:164,0
DA:165,0
DA:166,0
DA:167,0
DA:168,0
DA:169,0
DA:170,0
DA:171,0
DA:172,0
DA:173,0
DA:174,0
DA:175,0
DA:176,0
DA:177,1
DA:178,1
DA:179,1
DA:180,1
DA:181,1
DA:182,1
DA:183,1
DA:184,1
DA:185,1
DA:186,1
DA:187,1
DA:188,1
DA:189,1
DA:190,1
DA:191,1
DA:192,1
DA:194,1
DA:195,1
DA:196,1
DA:197,1
DA:198,1
DA:199,1
DA:200,1
DA:201,1
DA:202,1
DA:203,1
DA:204,1
DA:205,3
DA:206,1
DA:207,1
DA:208,1
LF:119
LH:104
end_of_record
SF:lib\atoms\app_assets_image.dart
DA:25,2
DA:32,2
DA:34,8
LF:3
LH:3
end_of_record
SF:lib\atoms\app_buttons.dart
DA:68,15
DA:81,14
DA:83,28
DA:84,14
DA:85,28
DA:88,14
DA:90,14
DA:91,14
DA:92,1
DA:93,1
DA:94,2
DA:96,2
DA:101,2
DA:103,1
DA:105,1
DA:106,1
DA:107,2
DA:114,14
DA:115,14
DA:116,10
DA:117,10
DA:118,10
DA:120,10
DA:122,10
DA:123,10
DA:124,20
DA:125,10
DA:127,10
DA:128,20
DA:137,11
DA:138,11
DA:139,11
DA:140,11
DA:141,11
DA:142,11
DA:143,22
DA:145,11
DA:146,20
LF:38
LH:38
end_of_record
SF:lib\atoms\app_colors.dart
DA:41,0
DA:45,0
LF:2
LH:0
end_of_record
SF:lib\atoms\app_input_text.dart
DA:32,4
DA:43,3
DA:45,6
DA:47,3
DA:48,3
DA:51,3
DA:53,3
DA:54,6
DA:55,3
DA:56,3
DA:57,3
DA:58,3
DA:59,3
DA:60,3
DA:61,3
DA:62,3
DA:63,3
DA:66,3
DA:67,3
DA:68,6
DA:73,3
DA:78,3
DA:81,3
DA:84,3
LF:24
LH:24
end_of_record
SF:lib\atoms\app_network_image.dart
DA:30,7
DA:38,7
DA:40,7
DA:41,7
DA:42,7
DA:43,7
DA:44,21
DA:46,0
DA:47,0
DA:48,0
DA:49,0
LF:11
LH:7
end_of_record
SF:lib\atoms\app_themes.dart
DA:10,0
DA:11,0
DA:13,0
DA:14,0
DA:19,0
DA:24,0
DA:29,0
DA:34,0
DA:40,0
DA:43,0
DA:46,0
DA:52,0
LF:12
LH:0
end_of_record
SF:lib\molecules\appbar_molecules\custom_appbars.dart
DA:30,6
DA:42,6
DA:44,6
DA:45,6
DA:51,6
DA:52,12
DA:55,6
DA:57,6
DA:62,6
DA:63,2
DA:64,2
DA:67,2
DA:70,2
DA:71,2
DA:74,2
DA:78,5
DA:79,2
DA:80,2
DA:83,2
DA:86,2
DA:87,2
DA:90,2
DA:94,5
DA:95,2
DA:96,2
DA:99,2
DA:102,2
DA:103,2
DA:104,6
DA:105,2
DA:108,2
DA:109,2
DA:112,2
DA:116,4
DA:117,2
DA:118,2
DA:121,2
DA:124,2
DA:125,2
DA:126,6
DA:127,2
DA:130,2
DA:131,2
DA:134,2
DA:136,2
DA:139,2
DA:143,3
DA:144,1
DA:145,1
DA:148,1
DA:151,1
DA:152,2
DA:154,1
DA:155,1
DA:158,1
DA:162,3
DA:163,2
DA:164,2
DA:167,2
DA:170,2
DA:171,2
DA:172,6
DA:173,2
DA:176,2
DA:177,2
DA:180,2
DA:182,2
DA:185,2
DA:189,1
DA:190,1
DA:191,1
DA:194,1
DA:197,1
DA:198,1
DA:201,1
DA:208,6
DA:211,6
DA:212,6
DA:216,6
DA:223,6
LF:80
LH:80
end_of_record
SF:lib\molecules\company_info\company_info.dart
DA:22,2
DA:30,2
DA:32,4
DA:33,4
DA:35,2
DA:38,2
DA:46,2
DA:48,2
DA:49,2
DA:50,2
DA:51,2
DA:52,2
DA:53,2
DA:54,1
DA:55,1
DA:56,1
DA:58,2
DA:64,2
DA:66,4
DA:76,2
DA:77,1
DA:78,1
DA:79,1
DA:80,1
DA:82,1
DA:83,1
DA:85,1
DA:86,2
DA:87,1
DA:88,2
DA:89,1
DA:90,2
DA:91,1
DA:92,2
DA:93,1
DA:102,2
DA:104,2
DA:105,2
DA:107,2
DA:108,2
DA:110,2
DA:111,4
DA:112,2
DA:113,4
DA:114,2
DA:117,2
DA:119,2
DA:120,4
DA:121,2
DA:122,4
DA:123,2
LF:51
LH:51
end_of_record
SF:lib\molecules\is_favorite\is_favorite.dart
DA:13,5
DA:27,5
DA:29,5
DA:30,5
DA:32,5
DA:33,5
DA:34,5
DA:35,5
DA:44,5
DA:47,5
DA:52,5
LF:11
LH:11
end_of_record
SF:lib\molecules\list_category\list_category.dart
DA:18,2
DA:25,2
DA:29,2
DA:31,2
DA:33,2
DA:37,2
DA:40,4
DA:41,2
DA:43,4
DA:46,2
DA:47,4
DA:50,4
DA:57,1
DA:58,2
LF:14
LH:14
end_of_record
SF:lib\molecules\product_molecules\price_section.dart
DA:22,7
DA:29,7
DA:31,14
DA:33,7
DA:34,7
DA:36,7
DA:38,7
DA:39,21
DA:40,14
DA:48,7
DA:49,49
DA:50,7
DA:54,7
DA:55,21
DA:56,7
LF:15
LH:15
end_of_record
SF:lib\molecules\user_molecules\icon_user_holder.dart
DA:10,2
DA:12,2
DA:14,2
DA:16,2
DA:19,4
DA:24,2
DA:25,2
DA:27,2
DA:30,2
LF:9
LH:9
end_of_record
SF:lib\molecules\user_molecules\info_user_holder.dart
DA:18,2
DA:33,2
DA:34,4
DA:36,2
DA:37,2
DA:38,2
DA:40,2
DA:43,2
DA:46,2
DA:47,6
DA:48,2
DA:52,4
DA:62,2
DA:64,4
DA:66,2
DA:68,2
DA:73,2
DA:75,2
DA:76,2
DA:78,2
DA:80,4
DA:83,2
DA:86,4
DA:87,2
DA:88,4
DA:89,2
DA:90,4
DA:93,2
DA:94,4
DA:95,2
DA:98,4
DA:99,2
DA:100,4
DA:101,2
DA:102,4
DA:103,2
DA:104,4
LF:37
LH:37
end_of_record
SF:lib\molecules\serch_bar\search_anchor_widget.dart
DA:20,2
DA:48,2
DA:50,4
DA:52,2
DA:54,2
DA:55,2
DA:56,2
DA:58,2
DA:59,2
DA:60,2
DA:63,2
DA:68,2
DA:69,2
DA:76,1
DA:77,2
DA:78,2
DA:79,5
DA:83,1
DA:84,2
DA:85,3
DA:86,1
DA:87,3
DA:88,3
DA:89,1
DA:90,2
DA:94,1
LF:26
LH:26
end_of_record
SF:lib\organisms\authentication\login_form.dart
DA:21,2
DA:35,2
DA:38,4
DA:41,2
DA:43,2
DA:50,4
DA:52,2
DA:53,2
DA:57,2
DA:59,4
DA:61,2
DA:64,4
DA:67,2
DA:70,2
DA:71,2
DA:75,2
DA:77,2
DA:79,2
DA:83,2
DA:86,2
DA:87,2
DA:91,2
DA:93,2
DA:95,2
DA:97,2
DA:98,2
DA:99,2
DA:100,2
DA:101,2
DA:102,2
DA:109,2
DA:111,2
DA:112,2
DA:119,2
DA:121,2
LF:35
LH:35
end_of_record
SF:lib\organisms\customs_dialogs\custom_dialogs.dart
DA:19,2
DA:26,2
DA:29,4
DA:32,2
DA:33,2
DA:38,8
DA:41,2
DA:42,2
DA:45,2
DA:47,2
DA:57,2
DA:70,2
DA:72,1
DA:81,2
DA:90,2
DA:93,4
DA:94,2
DA:95,2
DA:98,2
DA:100,2
DA:104,2
DA:108,2
DA:110,2
DA:114,2
DA:119,2
DA:120,2
DA:125,4
DA:126,4
DA:132,2
DA:135,2
DA:137,2
DA:139,2
DA:142,2
DA:143,2
LF:34
LH:34
end_of_record
SF:lib\organisms\customs_dialogs\custom_floating_notifications.dart
DA:26,0
DA:40,0
DA:43,0
DA:46,0
DA:49,0
DA:68,0
DA:69,0
DA:73,0
DA:74,0
DA:81,0
DA:85,0
DA:87,0
DA:89,0
DA:92,0
DA:95,0
DA:97,0
DA:107,0
DA:108,0
DA:109,0
LF:19
LH:0
end_of_record
SF:lib\organisms\product_holders\product_cart_container.dart
DA:46,2
DA:61,2
DA:63,4
DA:64,2
DA:65,4
DA:68,2
DA:69,2
DA:70,2
DA:71,2
DA:72,2
DA:73,2
DA:75,2
DA:76,2
DA:77,2
DA:79,2
DA:81,2
DA:83,2
DA:84,2
DA:86,2
DA:87,2
DA:88,2
DA:89,2
DA:90,2
DA:92,2
DA:94,2
DA:95,2
DA:97,2
DA:98,2
DA:99,2
DA:100,2
DA:104,2
DA:105,2
DA:106,2
DA:107,4
DA:111,2
DA:112,2
DA:113,3
DA:118,2
DA:120,2
DA:121,2
DA:122,2
DA:123,2
DA:124,2
DA:126,2
DA:127,2
DA:128,2
DA:131,2
DA:133,2
DA:136,2
LF:49
LH:49
end_of_record
SF:lib\organisms\product_holders\product_home_container.dart
DA:48,2
DA:64,2
DA:66,4
DA:67,4
DA:68,2
DA:70,2
DA:71,2
DA:72,2
DA:74,2
DA:76,2
DA:77,2
DA:79,2
DA:85,2
DA:89,2
DA:93,2
DA:94,2
DA:95,2
DA:96,2
DA:97,2
DA:98,2
DA:99,2
DA:100,2
DA:101,2
DA:102,2
DA:111,2
DA:112,2
DA:113,4
DA:116,2
DA:117,2
DA:121,6
DA:124,2
DA:125,2
DA:126,2
DA:127,2
DA:133,2
DA:134,2
DA:138,2
LF:37
LH:37
end_of_record
SF:lib\organisms\product_holders\product_info_container.dart
DA:51,2
DA:66,2
DA:69,4
DA:70,4
DA:71,2
DA:74,2
DA:75,2
DA:79,2
DA:83,2
DA:84,2
DA:86,2
DA:87,2
DA:88,2
DA:89,2
DA:90,2
DA:91,2
DA:94,2
DA:97,2
DA:101,2
DA:105,2
DA:106,2
DA:108,2
DA:109,2
DA:111,2
DA:113,2
DA:117,6
DA:118,2
DA:122,2
DA:123,2
DA:124,2
DA:125,2
DA:128,2
DA:132,2
DA:133,2
DA:134,2
DA:139,2
LF:36
LH:36
end_of_record
SF:lib\organisms\product_holders\skeleton_loading_container.dart
DA:15,1
DA:17,1
DA:19,1
DA:20,1
DA:27,1
DA:29,1
DA:30,1
DA:32,1
DA:40,1
DA:41,1
DA:42,1
DA:43,1
DA:47,1
DA:51,1
DA:52,1
DA:53,3
DA:55,3
DA:63,1
DA:72,1
DA:73,2
DA:81,1
DA:82,2
DA:90,1
DA:91,1
DA:92,2
LF:25
LH:25
end_of_record
SF:lib\template\cart_template.dart
DA:54,1
DA:71,1
DA:73,1
DA:75,1
DA:76,1
DA:78,1
DA:79,1
DA:80,1
DA:81,1
DA:83,1
DA:85,1
DA:86,1
DA:89,1
DA:90,1
DA:92,1
DA:94,2
DA:95,1
DA:100,2
DA:101,1
DA:102,2
DA:104,1
DA:105,2
DA:106,0
DA:107,1
DA:108,1
DA:109,1
DA:110,1
DA:111,2
DA:112,1
DA:113,1
DA:114,1
DA:115,0
DA:116,3
DA:120,1
DA:125,1
DA:129,1
DA:131,1
DA:132,1
DA:133,1
DA:135,1
DA:137,1
DA:138,1
DA:140,1
LF:43
LH:41
end_of_record
SF:lib\template\home_template.dart
DA:90,1
DA:119,1
DA:121,1
DA:123,1
DA:124,1
DA:126,1
DA:127,1
DA:128,1
DA:129,1
DA:130,1
DA:132,0
DA:134,0
DA:135,0
DA:138,1
DA:140,1
DA:143,1
DA:144,1
DA:146,1
DA:147,1
DA:148,1
DA:149,1
DA:151,1
DA:152,4
DA:153,1
DA:154,0
DA:155,1
DA:157,1
DA:158,1
DA:159,1
DA:160,1
DA:167,1
DA:168,1
DA:170,1
DA:171,1
DA:172,1
DA:173,1
DA:177,1
DA:178,1
DA:179,1
DA:180,1
DA:182,4
DA:184,3
DA:186,1
DA:187,1
DA:188,1
DA:189,1
DA:190,1
DA:191,1
DA:203,1
DA:211,2
DA:212,2
DA:213,1
DA:216,1
DA:217,1
DA:219,2
DA:221,1
DA:222,1
DA:223,1
DA:224,1
DA:225,1
DA:228,1
DA:229,1
DA:230,1
DA:231,1
DA:232,1
DA:233,1
DA:235,1
DA:238,1
DA:239,1
DA:241,1
DA:244,2
DA:249,1
DA:250,3
DA:254,1
DA:256,1
DA:258,2
DA:259,1
DA:260,2
DA:261,1
DA:263,1
DA:264,1
DA:265,1
DA:266,1
DA:267,1
DA:268,1
DA:269,1
DA:270,0
DA:271,0
DA:272,0
DA:276,1
DA:277,1
DA:278,1
DA:279,1
DA:280,1
LF:94
LH:87
end_of_record
SF:lib\template\login_template.dart
DA:60,1
DA:78,1
DA:80,1
DA:82,1
DA:84,1
DA:85,1
DA:88,1
DA:89,1
DA:90,1
DA:91,1
DA:92,1
DA:94,2
DA:97,1
DA:99,1
DA:101,1
DA:103,1
DA:105,1
DA:107,1
DA:109,1
DA:111,1
DA:113,1
DA:114,1
DA:115,1
LF:23
LH:23
end_of_record
SF:lib\template\product_template.dart
DA:57,1
DA:74,1
DA:76,1
DA:78,1
DA:81,1
DA:82,1
DA:85,1
DA:86,1
DA:87,1
DA:88,1
DA:89,1
DA:90,1
DA:91,1
DA:92,1
DA:93,1
DA:94,1
DA:95,1
DA:96,1
LF:18
LH:18
end_of_record
SF:lib\template\user_template.dart
DA:53,1
DA:69,1
DA:71,1
DA:73,1
DA:75,1
DA:76,1
DA:77,1
DA:78,1
DA:79,1
DA:83,1
DA:84,1
DA:85,1
DA:87,1
DA:89,1
DA:90,1
DA:91,1
DA:92,1
DA:93,1
DA:94,1
DA:95,1
DA:96,1
LF:21
LH:21
end_of_record
