SF:lib\atoms\app_assets_image.dart
DA:25,2
DA:32,2
DA:34,8
LF:3
LH:3
end_of_record
SF:lib\atoms\app_buttons.dart
DA:68,15
DA:81,14
DA:83,28
DA:84,14
DA:85,28
DA:88,14
DA:90,14
DA:91,14
DA:92,1
DA:93,1
DA:94,2
DA:96,2
DA:97,1
DA:98,1
DA:99,1
DA:101,2
DA:103,1
DA:105,1
DA:106,1
DA:107,2
DA:108,1
DA:114,14
DA:115,14
DA:116,10
DA:117,10
DA:118,10
DA:120,10
DA:122,10
DA:123,10
DA:124,20
DA:125,10
DA:127,10
DA:128,20
DA:129,3
DA:130,9
DA:131,4
DA:137,11
DA:138,11
DA:139,11
DA:140,11
DA:141,11
DA:142,11
DA:143,22
DA:145,11
DA:146,20
DA:147,1
DA:148,9
DA:149,6
LF:48
LH:48
end_of_record
SF:lib\atoms\app_colors.dart
DA:12,12
DA:13,4
DA:16,34
DA:17,0
DA:20,0
DA:21,0
DA:24,10
DA:25,0
DA:28,30
DA:29,0
DA:30,0
DA:31,0
DA:34,20
DA:35,6
DA:36,3
DA:37,3
DA:40,0
DA:41,0
DA:42,0
DA:45,0
DA:46,0
DA:47,0
DA:49,20
DA:50,100
DA:54,40
DA:55,20
DA:58,40
LF:27
LH:14
end_of_record
SF:lib\config\atomic_design_config.dart
DA:9,22
DA:12,44
DA:14,22
DA:16,1
DA:17,1
DA:20,1
DA:21,2
DA:23,2
DA:27,21
DA:28,21
DA:31,42
DA:32,21
DA:33,42
DA:35,0
DA:40,1
DA:45,1
LF:16
LH:15
end_of_record
SF:lib\atoms\app_input_text.dart
DA:32,4
DA:43,3
DA:45,6
DA:47,3
DA:48,6
DA:51,3
DA:53,3
DA:54,6
DA:55,3
DA:56,3
DA:57,3
DA:58,3
DA:59,3
DA:60,3
DA:61,3
DA:62,3
DA:63,3
DA:64,3
DA:66,3
DA:67,3
DA:68,6
DA:69,3
DA:73,3
DA:78,3
DA:79,6
DA:81,3
DA:82,6
DA:84,3
DA:85,6
LF:29
LH:29
end_of_record
SF:lib\atoms\app_network_image.dart
DA:30,7
DA:38,7
DA:40,7
DA:41,7
DA:42,7
DA:43,7
DA:44,21
DA:46,0
DA:47,0
DA:48,0
DA:49,0
LF:11
LH:7
end_of_record
SF:lib\atoms\app_radius.dart
DA:9,4
DA:12,14
DA:15,0
DA:18,0
DA:20,8
DA:21,32
LF:6
LH:4
end_of_record
SF:lib\atoms\app_spacing.dart
DA:8,4
DA:11,28
DA:14,0
DA:17,36
DA:20,34
DA:23,6
DA:26,4
DA:28,19
DA:29,76
LF:9
LH:8
end_of_record
SF:lib\atoms\app_themes.dart
DA:10,0
DA:11,0
DA:12,0
DA:13,0
DA:14,0
DA:15,0
DA:17,0
DA:19,0
DA:20,0
DA:22,0
DA:24,0
DA:25,0
DA:27,0
DA:29,0
DA:30,0
DA:32,0
DA:34,0
DA:35,0
DA:37,0
DA:38,0
DA:40,0
DA:41,0
DA:43,0
DA:44,0
DA:46,0
DA:47,0
DA:49,0
DA:50,0
DA:52,0
DA:53,0
DA:54,0
DA:55,0
LF:32
LH:0
end_of_record
SF:lib\atoms\app_typography.dart
DA:13,0
DA:16,0
DA:19,0
DA:24,0
DA:27,0
DA:30,4
DA:33,8
DA:36,8
DA:39,4
DA:41,0
DA:42,0
DA:47,9
DA:48,45
LF:13
LH:6
end_of_record
SF:lib\atoms\break_points.dart
DA:37,16
DA:38,16
DA:93,16
DA:94,16
DA:95,32
DA:96,1
DA:97,1
DA:98,1
DA:99,1
DA:100,1
DA:101,1
DA:102,1
DA:103,1
DA:104,1
DA:105,1
DA:106,1
DA:107,3
DA:108,2
DA:109,1
DA:110,2
DA:111,16
DA:112,16
DA:113,0
DA:114,0
DA:115,0
DA:116,0
DA:117,0
DA:118,0
DA:119,0
DA:120,0
DA:121,0
DA:122,0
DA:123,0
DA:124,0
DA:125,0
DA:126,0
DA:127,0
DA:128,16
DA:129,16
DA:130,1
DA:131,1
DA:132,1
DA:133,1
DA:134,1
DA:135,1
DA:136,1
DA:137,1
DA:138,1
DA:139,1
DA:140,1
DA:141,3
DA:142,2
DA:143,1
DA:144,2
DA:145,16
DA:146,16
DA:147,16
DA:148,16
DA:149,16
DA:150,16
DA:151,16
DA:152,16
DA:153,16
DA:154,16
DA:155,16
DA:156,16
DA:157,16
DA:158,16
DA:159,32
DA:160,32
DA:161,16
DA:162,3
DA:163,3
DA:164,2
DA:165,2
DA:166,2
DA:167,2
DA:168,2
DA:169,2
DA:170,2
DA:171,2
DA:172,2
DA:173,2
DA:174,2
DA:175,2
DA:176,4
DA:177,4
DA:178,2
DA:179,1
DA:180,1
DA:181,0
DA:182,0
DA:183,0
DA:184,0
DA:185,0
DA:186,0
DA:187,0
DA:188,0
DA:189,0
DA:190,0
DA:191,0
DA:192,0
DA:193,0
DA:194,0
DA:195,0
DA:196,1
DA:197,1
DA:198,1
DA:199,1
DA:200,1
DA:201,1
DA:202,1
DA:203,1
DA:204,1
DA:205,1
DA:206,1
DA:207,1
DA:208,1
DA:209,2
DA:210,2
DA:211,1
DA:213,1
DA:214,1
DA:215,1
DA:216,1
DA:217,1
DA:218,1
DA:219,1
DA:220,1
DA:221,1
DA:222,1
DA:223,1
DA:224,3
DA:225,2
DA:226,2
DA:227,1
LF:136
LH:106
end_of_record
SF:lib\config\app_config.dart
DA:8,22
DA:16,22
DA:17,22
DA:18,44
DA:19,44
DA:20,44
DA:21,44
DA:22,44
DA:31,22
DA:33,22
DA:34,22
DA:35,44
DA:36,44
DA:53,22
DA:66,22
DA:67,22
DA:68,44
DA:69,44
DA:70,22
DA:71,22
DA:73,44
DA:74,44
DA:75,44
DA:76,44
DA:77,44
DA:78,22
DA:79,22
DA:81,44
DA:92,22
DA:99,22
DA:100,22
DA:101,22
DA:102,22
DA:103,44
DA:104,22
DA:105,22
LF:36
LH:36
end_of_record
SF:lib\config\copys.dart
DA:4,1
DA:5,5
DA:7,2
DA:8,10
DA:10,2
DA:11,10
DA:13,2
DA:14,10
DA:16,2
DA:17,10
DA:19,2
DA:20,10
DA:22,4
DA:24,4
DA:25,4
DA:26,4
DA:27,8
DA:29,1
DA:30,5
DA:32,1
DA:33,5
DA:35,2
DA:36,10
DA:38,2
DA:39,10
DA:41,2
DA:42,10
DA:44,2
DA:45,10
DA:47,2
DA:48,10
DA:50,2
DA:51,10
DA:53,2
DA:55,2
DA:56,2
DA:57,2
DA:58,4
DA:60,2
DA:61,10
DA:63,2
DA:64,10
DA:66,1
DA:68,1
DA:69,1
DA:70,1
DA:71,1
DA:72,2
DA:74,1
DA:76,1
DA:77,1
DA:78,1
DA:79,1
DA:80,2
DA:82,2
DA:84,2
DA:85,2
DA:86,2
DA:87,2
DA:88,4
DA:90,2
DA:92,2
DA:93,2
DA:94,2
DA:95,2
DA:96,4
DA:98,0
DA:100,0
DA:101,0
DA:102,0
DA:103,0
DA:105,0
DA:107,0
DA:108,0
DA:109,0
DA:110,0
LF:76
LH:66
end_of_record
SF:lib\molecules\appbar_molecules\custom_appbars.dart
DA:31,6
DA:43,6
DA:45,6
DA:46,6
DA:52,6
DA:53,12
DA:56,6
DA:58,6
DA:63,6
DA:64,2
DA:65,2
DA:68,2
DA:71,2
DA:72,2
DA:75,2
DA:79,5
DA:80,2
DA:81,2
DA:84,2
DA:87,2
DA:88,2
DA:91,2
DA:95,5
DA:96,2
DA:97,2
DA:100,2
DA:103,2
DA:104,2
DA:105,6
DA:106,2
DA:109,2
DA:110,2
DA:113,2
DA:117,4
DA:118,2
DA:119,2
DA:122,2
DA:125,2
DA:126,2
DA:127,6
DA:128,2
DA:131,2
DA:132,2
DA:135,2
DA:137,2
DA:140,2
DA:144,3
DA:145,1
DA:146,1
DA:149,1
DA:152,1
DA:153,3
DA:155,1
DA:156,1
DA:159,1
DA:163,3
DA:164,2
DA:165,2
DA:168,2
DA:171,2
DA:172,2
DA:173,6
DA:174,2
DA:177,2
DA:178,2
DA:181,2
DA:183,2
DA:186,2
DA:190,1
DA:191,1
DA:192,1
DA:195,1
DA:198,1
DA:199,1
DA:202,1
DA:209,6
DA:210,6
DA:212,6
DA:213,6
DA:217,6
DA:224,6
LF:81
LH:81
end_of_record
SF:lib\molecules\company_info\company_info.dart
DA:22,2
DA:30,2
DA:32,4
DA:33,4
DA:35,2
DA:37,2
DA:38,2
DA:46,2
DA:48,2
DA:49,2
DA:50,2
DA:51,2
DA:52,4
DA:53,2
DA:54,1
DA:55,1
DA:56,1
DA:58,2
DA:64,2
DA:66,4
DA:76,2
DA:77,2
DA:78,4
DA:79,2
DA:80,2
DA:82,2
DA:83,2
DA:85,2
DA:86,4
DA:87,4
DA:88,4
DA:89,4
DA:90,2
DA:92,2
DA:94,4
DA:95,2
DA:97,2
DA:99,4
DA:108,1
DA:109,2
DA:110,1
DA:111,1
DA:113,1
DA:114,1
DA:116,1
DA:117,2
DA:118,2
DA:119,2
DA:120,2
DA:123,1
DA:125,1
DA:126,2
DA:127,2
DA:128,1
DA:130,1
DA:132,2
LF:56
LH:56
end_of_record
SF:lib\molecules\is_favorite\is_favorite.dart
DA:13,5
DA:27,5
DA:29,5
DA:30,5
DA:32,5
DA:33,5
DA:34,5
DA:35,5
DA:44,5
DA:47,5
DA:52,5
LF:11
LH:11
end_of_record
SF:lib\molecules\list_category\list_category.dart
DA:18,2
DA:25,2
DA:29,2
DA:31,2
DA:33,2
DA:35,2
DA:37,2
DA:40,4
DA:41,2
DA:43,4
DA:46,2
DA:47,4
DA:50,4
DA:57,1
DA:58,2
LF:15
LH:15
end_of_record
SF:lib\molecules\product_molecules\price_section.dart
DA:22,7
DA:29,7
DA:31,14
DA:33,7
DA:34,7
DA:36,7
DA:38,7
DA:39,21
DA:40,14
DA:41,7
DA:43,7
DA:48,7
DA:49,49
DA:50,7
DA:54,7
DA:55,21
DA:56,7
LF:17
LH:17
end_of_record
SF:lib\molecules\user_molecules\icon_user_holder.dart
DA:10,2
DA:12,2
DA:14,2
DA:16,4
DA:19,4
DA:22,2
DA:24,2
DA:25,2
DA:27,2
DA:30,4
LF:10
LH:10
end_of_record
SF:lib\molecules\user_molecules\info_user_holder.dart
DA:17,2
DA:32,2
DA:33,4
DA:35,2
DA:36,2
DA:37,2
DA:39,4
DA:42,4
DA:45,2
DA:46,6
DA:47,2
DA:51,4
DA:61,2
DA:63,4
DA:65,2
DA:67,4
DA:70,2
DA:72,2
DA:74,2
DA:75,2
DA:77,2
DA:79,2
DA:80,2
DA:81,2
DA:85,4
DA:88,4
DA:89,4
DA:90,4
DA:91,4
DA:92,4
DA:95,4
DA:96,2
DA:97,2
DA:98,2
DA:100,4
DA:103,4
DA:104,4
DA:105,4
DA:106,4
DA:107,4
DA:108,4
DA:109,4
LF:42
LH:42
end_of_record
SF:lib\molecules\serch_bar\search_anchor_widget.dart
DA:21,2
DA:49,2
DA:51,4
DA:53,2
DA:55,2
DA:56,2
DA:57,4
DA:58,2
DA:59,2
DA:60,2
DA:61,4
DA:64,2
DA:65,4
DA:68,4
DA:69,2
DA:70,2
DA:77,1
DA:78,2
DA:79,2
DA:80,5
DA:84,1
DA:85,2
DA:86,3
DA:87,1
DA:88,3
DA:89,3
DA:90,1
DA:91,2
DA:95,1
LF:29
LH:29
end_of_record
SF:lib\organisms\authentication\login_form.dart
DA:25,2
DA:44,2
DA:47,4
DA:50,2
DA:52,2
DA:53,2
DA:54,2
DA:55,2
DA:59,4
DA:61,2
DA:62,2
DA:66,2
DA:68,6
DA:70,4
DA:73,6
DA:76,4
DA:79,2
DA:80,2
DA:81,2
DA:84,2
DA:86,2
DA:88,2
DA:92,4
DA:95,2
DA:96,2
DA:99,2
DA:102,2
DA:104,2
DA:106,2
DA:108,2
DA:109,2
DA:110,2
DA:111,2
DA:112,2
DA:113,2
DA:120,4
DA:122,2
DA:123,2
DA:124,2
DA:130,2
DA:132,2
DA:134,2
DA:135,2
LF:43
LH:43
end_of_record
SF:lib\organisms\customs_dialogs\custom_dialogs.dart
DA:20,2
DA:27,2
DA:30,4
DA:33,2
DA:34,2
DA:40,4
DA:41,2
DA:42,6
DA:45,2
DA:46,2
DA:49,2
DA:51,2
DA:61,2
DA:74,2
DA:77,1
DA:78,1
DA:81,1
DA:85,1
DA:89,2
DA:90,2
DA:93,2
DA:97,2
DA:101,2
DA:104,4
DA:105,2
DA:106,2
DA:107,2
DA:109,2
DA:110,2
DA:111,2
DA:112,2
DA:115,2
DA:119,2
DA:121,2
DA:125,2
DA:130,2
DA:131,2
DA:136,4
DA:137,4
DA:143,2
DA:144,2
DA:146,2
DA:148,2
DA:150,2
DA:151,2
DA:153,2
DA:154,2
LF:47
LH:47
end_of_record
SF:lib\organisms\customs_dialogs\custom_floating_notifications.dart
DA:27,0
DA:33,0
DA:36,0
DA:39,0
DA:43,0
DA:46,0
DA:49,0
DA:52,0
DA:56,0
DA:59,0
DA:62,0
DA:65,0
DA:71,0
DA:72,0
DA:76,0
DA:77,0
DA:84,0
DA:88,0
DA:90,0
DA:92,0
DA:95,0
DA:98,0
DA:100,0
DA:110,0
DA:111,0
DA:112,0
LF:26
LH:0
end_of_record
SF:lib\organisms\product_holders\product_cart_container.dart
DA:46,2
DA:61,2
DA:63,4
DA:64,2
DA:65,4
DA:68,2
DA:69,2
DA:70,2
DA:71,2
DA:72,2
DA:73,2
DA:75,2
DA:76,2
DA:77,2
DA:79,2
DA:80,2
DA:81,4
DA:83,2
DA:84,2
DA:86,2
DA:87,2
DA:88,2
DA:89,2
DA:90,2
DA:92,4
DA:94,2
DA:95,2
DA:97,2
DA:98,2
DA:99,2
DA:100,2
DA:104,4
DA:105,2
DA:106,2
DA:107,4
DA:108,2
DA:111,4
DA:112,2
DA:113,3
DA:118,2
DA:120,2
DA:121,2
DA:122,2
DA:123,2
DA:124,2
DA:126,2
DA:127,2
DA:128,2
DA:131,2
DA:133,2
DA:136,2
LF:51
LH:51
end_of_record
SF:lib\organisms\product_holders\product_home_container.dart
DA:55,2
DA:72,2
DA:73,2
DA:81,2
DA:84,2
DA:87,2
DA:89,4
DA:90,4
DA:91,2
DA:93,2
DA:94,2
DA:95,2
DA:96,4
DA:97,2
DA:98,2
DA:99,2
DA:100,2
DA:102,2
DA:108,2
DA:112,2
DA:113,4
DA:116,2
DA:117,4
DA:118,2
DA:119,4
DA:120,2
DA:121,2
DA:122,4
DA:123,4
DA:124,2
DA:125,2
DA:134,2
DA:135,4
DA:136,4
DA:137,2
DA:139,4
DA:140,4
DA:144,8
DA:147,2
DA:148,4
DA:149,4
DA:150,4
DA:156,2
DA:157,2
DA:159,2
DA:160,2
DA:161,4
LF:47
LH:47
end_of_record
SF:lib\organisms\product_holders\product_info_container.dart
DA:55,2
DA:71,2
DA:74,4
DA:75,4
DA:76,2
DA:79,2
DA:80,2
DA:81,2
DA:84,2
DA:87,2
DA:88,2
DA:89,2
DA:91,2
DA:92,2
DA:93,2
DA:94,2
DA:95,2
DA:96,2
DA:99,2
DA:102,2
DA:106,2
DA:107,2
DA:110,2
DA:111,2
DA:113,2
DA:114,2
DA:116,2
DA:118,2
DA:119,2
DA:122,6
DA:123,2
DA:124,2
DA:127,2
DA:128,2
DA:129,2
DA:130,2
DA:133,2
DA:134,2
DA:137,2
DA:138,2
DA:139,2
DA:140,2
DA:144,2
DA:145,2
LF:44
LH:44
end_of_record
SF:lib\organisms\product_holders\skeleton_loading_container.dart
DA:15,1
DA:17,1
DA:19,1
DA:20,1
DA:21,1
DA:22,1
DA:23,1
DA:24,1
DA:25,1
DA:27,1
DA:28,1
DA:29,1
DA:30,1
DA:32,1
DA:40,1
DA:41,1
DA:42,1
DA:43,1
DA:47,1
DA:48,2
DA:51,1
DA:52,1
DA:53,3
DA:55,3
DA:63,1
DA:65,1
DA:69,2
DA:72,1
DA:73,2
DA:74,1
DA:78,2
DA:81,1
DA:82,2
DA:83,1
DA:90,1
DA:91,1
DA:92,2
DA:93,1
LF:38
LH:38
end_of_record
SF:lib\template\cart_template.dart
DA:54,1
DA:70,1
DA:72,1
DA:74,1
DA:75,1
DA:77,1
DA:78,1
DA:79,1
DA:80,1
DA:82,1
DA:84,1
DA:85,1
DA:88,1
DA:89,1
DA:91,1
DA:93,2
DA:94,1
DA:95,1
DA:96,1
DA:97,1
DA:99,2
DA:100,1
DA:101,2
DA:103,1
DA:104,2
DA:105,0
DA:106,1
DA:107,1
DA:108,1
DA:109,1
DA:110,2
DA:111,1
DA:112,1
DA:113,1
DA:114,0
DA:115,3
DA:119,3
DA:124,1
DA:125,1
DA:128,1
DA:130,1
DA:131,1
DA:132,1
DA:134,1
DA:136,1
DA:137,1
DA:139,1
LF:47
LH:45
end_of_record
SF:lib\template\home_template.dart
DA:96,1
DA:128,1
DA:130,1
DA:132,1
DA:133,1
DA:135,1
DA:136,1
DA:137,1
DA:138,1
DA:139,1
DA:141,0
DA:143,0
DA:144,0
DA:146,1
DA:147,1
DA:148,1
DA:149,1
DA:150,1
DA:151,1
DA:152,1
DA:153,1
DA:155,1
DA:156,1
DA:157,1
DA:158,1
DA:160,1
DA:161,4
DA:162,1
DA:163,0
DA:164,1
DA:166,1
DA:167,1
DA:168,1
DA:169,1
DA:176,1
DA:177,1
DA:179,1
DA:180,1
DA:181,1
DA:182,1
DA:188,1
DA:189,1
DA:190,1
DA:191,1
DA:193,4
DA:194,1
DA:195,3
DA:197,1
DA:198,1
DA:214,1
DA:224,2
DA:225,2
DA:226,1
DA:229,1
DA:230,1
DA:231,1
DA:233,2
DA:235,2
DA:238,1
DA:239,1
DA:240,1
DA:241,1
DA:242,1
DA:245,1
DA:246,1
DA:247,1
DA:248,1
DA:249,1
DA:250,2
DA:251,1
DA:252,1
DA:253,1
DA:256,2
DA:257,1
DA:258,1
DA:259,1
DA:262,2
DA:267,1
DA:268,1
DA:269,3
DA:273,1
DA:275,1
DA:276,3
DA:277,1
DA:279,1
DA:280,1
DA:281,1
DA:282,1
DA:283,1
DA:284,1
DA:286,1
DA:287,0
DA:288,0
DA:289,0
DA:292,1
DA:293,1
DA:294,1
DA:295,1
DA:296,1
LF:99
LH:92
end_of_record
SF:lib\template\login_template.dart
DA:75,1
DA:98,1
DA:100,1
DA:102,1
DA:104,1
DA:105,1
DA:107,1
DA:108,1
DA:109,1
DA:110,1
DA:111,1
DA:112,1
DA:114,2
DA:117,1
DA:124,1
DA:126,1
DA:128,1
DA:130,1
DA:132,1
DA:134,1
DA:136,1
DA:138,1
DA:139,1
DA:140,1
LF:24
LH:24
end_of_record
SF:lib\template\product_template.dart
DA:60,1
DA:78,1
DA:80,1
DA:82,1
DA:85,1
DA:86,1
DA:89,1
DA:90,1
DA:91,1
DA:92,1
DA:93,1
DA:94,1
DA:95,1
DA:97,1
DA:98,1
DA:99,1
DA:100,1
DA:101,1
LF:18
LH:18
end_of_record
SF:lib\template\user_template.dart
DA:53,1
DA:69,1
DA:71,1
DA:73,1
DA:75,1
DA:76,1
DA:77,1
DA:78,1
DA:79,1
DA:82,1
DA:83,1
DA:84,1
DA:85,1
DA:87,1
DA:89,1
DA:90,1
DA:91,1
DA:92,1
DA:93,1
DA:94,1
DA:95,1
DA:96,1
LF:22
LH:22
end_of_record
